  Game.cpp
C:\Users\nas20\OneDrive\Escritorio\PA\desarrollopa_3\desarrollopa\Color.h(11,15): warning C4305: 'inicializando': truncamiento de 'double' a 'float'
  (compilando archivo de origen "Game.cpp")
  
C:\Users\nas20\OneDrive\Escritorio\PA\desarrollopa_3\desarrollopa\Color.h(11,27): warning C4305: 'inicializando': truncamiento de 'double' a 'float'
  (compilando archivo de origen "Game.cpp")
  
C:\Users\nas20\OneDrive\Escritorio\PA\desarrollopa_3\desarrollopa\Color.h(11,38): warning C4305: 'inicializando': truncamiento de 'double' a 'float'
  (compilando archivo de origen "Game.cpp")
  
C:\Users\nas20\OneDrive\Escritorio\PA\desarrollopa_3\desarrollopa\Color.h(12,8): warning C4305: 'inicializando': truncamiento de 'double' a 'float'
  (compilando archivo de origen "Game.cpp")
  
C:\Users\nas20\OneDrive\Escritorio\PA\desarrollopa_3\desarrollopa\Solid.h(16,25): warning C4305: 'argumento': truncamiento de 'double' a 'float'
  (compilando archivo de origen "Game.cpp")
  
C:\Users\nas20\OneDrive\Escritorio\PA\desarrollopa_3\desarrollopa\Solid.h(16,20): warning C4305: 'argumento': truncamiento de 'double' a 'float'
  (compilando archivo de origen "Game.cpp")
  
C:\Users\nas20\OneDrive\Escritorio\PA\desarrollopa_3\desarrollopa\Solid.h(16,15): warning C4305: 'argumento': truncamiento de 'double' a 'float'
  (compilando archivo de origen "Game.cpp")
  
C:\Users\nas20\OneDrive\Escritorio\PA\desarrollopa_3\desarrollopa\Teapot.h(12,17): warning C4305: 'inicializando': truncamiento de 'double' a 'float'
  (compilando archivo de origen "Game.cpp")
  
C:\Users\nas20\OneDrive\Escritorio\PA\desarrollopa_3\desarrollopa\Sphere.h(15,19): warning C4305: 'inicializando': truncamiento de 'double' a 'float'
  (compilando archivo de origen "Game.cpp")
  
C:\Users\nas20\OneDrive\Escritorio\PA\desarrollopa_3\desarrollopa\Cuboid.h(15,28): warning C4305: 'inicializando': truncamiento de 'double' a 'float'
  (compilando archivo de origen "Game.cpp")
  
C:\Users\nas20\OneDrive\Escritorio\PA\desarrollopa_3\desarrollopa\Cuboid.h(15,41): warning C4305: 'inicializando': truncamiento de 'double' a 'float'
  (compilando archivo de origen "Game.cpp")
  
C:\Users\nas20\OneDrive\Escritorio\PA\desarrollopa_3\desarrollopa\Torus.h(14,24): warning C4305: 'inicializando': truncamiento de 'double' a 'float'
  (compilando archivo de origen "Game.cpp")
  
C:\Users\nas20\OneDrive\Escritorio\PA\desarrollopa_3\desarrollopa\Torus.h(14,45): warning C4305: 'inicializando': truncamiento de 'double' a 'float'
  (compilando archivo de origen "Game.cpp")
  
C:\Users\nas20\OneDrive\Escritorio\PA\desarrollopa_3\desarrollopa\Cylinder.h(14,28): warning C4305: 'inicializando': truncamiento de 'double' a 'float'
  (compilando archivo de origen "Game.cpp")
  
C:\Users\nas20\OneDrive\Escritorio\PA\desarrollopa_3\desarrollopa\Cylinder.h(14,45): warning C4305: 'inicializando': truncamiento de 'double' a 'float'
  (compilando archivo de origen "Game.cpp")
  
C:\Users\nas20\OneDrive\Escritorio\PA\desarrollopa_3\desarrollopa\Cylinder.h(14,59): warning C4305: 'inicializando': truncamiento de 'double' a 'float'
  (compilando archivo de origen "Game.cpp")
  
C:\Users\nas20\OneDrive\Escritorio\PA\desarrollopa_3\desarrollopa\Game.cpp(51,8): error C2039: "display1": no es un miembro de "Game"
  C:\Users\nas20\OneDrive\Escritorio\PA\desarrollopa_3\desarrollopa\Game.h(12,7):
  vea la declaración de 'Game'
  
